# JRE version: OpenJDK Runtime Environment Temurin-17.0.7+7 (17.0.7+7) (build 17.0.7+7)
# Java VM: OpenJDK 64-Bit Server VM Temurin-17.0.7+7 (17.0.7+7, mixed mode, sharing, tiered, compressed oops, compressed class ptrs, g1 gc, windows-amd64)
GC Precious Log:
 CPUs: 16 total, 16 available
 Memory: 31940M
 Large Page Support: Disabled
 NUMA Support: Disabled
 Compressed Oops: Enabled (Zero based)
 Heap Region Size: 2M
 Heap Min Capacity: 512M
 Heap Initial Capacity: 512M
 Heap Max Capacity: 4072M
 Pre-touch: Disabled
 Parallel Workers: 13
 Concurrent Workers: 3
 Concurrent Refinement Workers: 13
 Periodic GC: Disabled
 String Deduplication is enabled
Heap:
 garbage-first heap   total 524288K, used 141870K [0x0000000701800000, 0x0000000800000000)
  region size 2048K, 26 young (53248K), 2 survivors (4096K)
 Metaspace       used 92894K, committed 93440K, reserved 1179648K
  class space    used 12296K, committed 12608K, reserved 1048576K
GC Heap History (20 events):
Event: 14100.349 GC heap before
{Heap before GC invocations=661 (full 12):
 garbage-first heap   total 524288K, used 173152K [0x0000000701800000, 0x0000000800000000)
  region size 2048K, 40 young (81920K), 1 survivors (2048K)
 Metaspace       used 92675K, committed 93312K, reserved 1179648K
  class space    used 12289K, committed 12608K, reserved 1048576K
}
Event: 14100.350 GC heap after
{Heap after GC invocations=662 (full 12):
 garbage-first heap   total 524288K, used 93190K [0x0000000701800000, 0x0000000800000000)
  region size 2048K, 1 young (2048K), 1 survivors (2048K)
 Metaspace       used 92675K, committed 93312K, reserved 1179648K
  class space    used 12289K, committed 12608K, reserved 1048576K
}
Event: 14115.296 GC heap before
{Heap before GC invocations=662 (full 12):
 garbage-first heap   total 524288K, used 173062K [0x0000000701800000, 0x0000000800000000)
  region size 2048K, 40 young (81920K), 1 survivors (2048K)
 Metaspace       used 92676K, committed 93312K, reserved 1179648K
  class space    used 12289K, committed 12608K, reserved 1048576K
}
Event: 14115.298 GC heap after
{Heap after GC invocations=663 (full 12):
 garbage-first heap   total 524288K, used 93167K [0x0000000701800000, 0x0000000800000000)
  region size 2048K, 1 young (2048K), 1 survivors (2048K)
 Metaspace       used 92676K, committed 93312K, reserved 1179648K
  class space    used 12289K, committed 12608K, reserved 1048576K
}
Event: 14148.981 GC heap before
{Heap before GC invocations=663 (full 12):
 garbage-first heap   total 524288K, used 173039K [0x0000000701800000, 0x0000000800000000)
  region size 2048K, 40 young (81920K), 1 survivors (2048K)
 Metaspace       used 92677K, committed 93312K, reserved 1179648K
  class space    used 12289K, committed 12608K, reserved 1048576K
}
Event: 14148.982 GC heap after
{Heap after GC invocations=664 (full 12):
 garbage-first heap   total 524288K, used 93295K [0x0000000701800000, 0x0000000800000000)
  region size 2048K, 1 young (2048K), 1 survivors (2048K)
 Metaspace       used 92677K, committed 93312K, reserved 1179648K
  class space    used 12289K, committed 12608K, reserved 1048576K
}
Event: 14252.111 GC heap before
{Heap before GC invocations=664 (full 12):
 garbage-first heap   total 524288K, used 173167K [0x0000000701800000, 0x0000000800000000)
  region size 2048K, 40 young (81920K), 1 survivors (2048K)
 Metaspace       used 92678K, committed 93312K, reserved 1179648K
  class space    used 12289K, committed 12608K, reserved 1048576K
}
Event: 14252.113 GC heap after
{Heap after GC invocations=665 (full 12):
 garbage-first heap   total 524288K, used 93571K [0x0000000701800000, 0x0000000800000000)
  region size 2048K, 1 young (2048K), 1 survivors (2048K)
 Metaspace       used 92678K, committed 93312K, reserved 1179648K
  class space    used 12289K, committed 12608K, reserved 1048576K
}
Event: 14267.000 GC heap before
{Heap before GC invocations=665 (full 12):
 garbage-first heap   total 524288K, used 171395K [0x0000000701800000, 0x0000000800000000)
  region size 2048K, 40 young (81920K), 1 survivors (2048K)
 Metaspace       used 92709K, committed 93376K, reserved 1179648K
  class space    used 12290K, committed 12608K, reserved 1048576K
}
Event: 14267.002 GC heap after
{Heap after GC invocations=666 (full 12):
 garbage-first heap   total 524288K, used 94231K [0x0000000701800000, 0x0000000800000000)
  region size 2048K, 2 young (4096K), 2 survivors (4096K)
 Metaspace       used 92709K, committed 93376K, reserved 1179648K
  class space    used 12290K, committed 12608K, reserved 1048576K
}
Event: 14270.270 GC heap before
{Heap before GC invocations=666 (full 12):
 garbage-first heap   total 524288K, used 172055K [0x0000000701800000, 0x0000000800000000)
  region size 2048K, 40 young (81920K), 2 survivors (4096K)
 Metaspace       used 92710K, committed 93376K, reserved 1179648K
  class space    used 12290K, committed 12608K, reserved 1048576K
}
Event: 14270.271 GC heap after
{Heap after GC invocations=667 (full 12):
 garbage-first heap   total 524288K, used 94828K [0x0000000701800000, 0x0000000800000000)
  region size 2048K, 2 young (4096K), 2 survivors (4096K)
 Metaspace       used 92710K, committed 93376K, reserved 1179648K
  class space    used 12290K, committed 12608K, reserved 1048576K
}
Event: 14273.165 GC heap before
{Heap before GC invocations=667 (full 12):
 garbage-first heap   total 524288K, used 172652K [0x0000000701800000, 0x0000000800000000)
  region size 2048K, 40 young (81920K), 2 survivors (4096K)
 Metaspace       used 92732K, committed 93376K, reserved 1179648K
  class space    used 12290K, committed 12608K, reserved 1048576K
}
Event: 14273.166 GC heap after
{Heap after GC invocations=668 (full 12):
 garbage-first heap   total 524288K, used 94296K [0x0000000701800000, 0x0000000800000000)
  region size 2048K, 2 young (4096K), 2 survivors (4096K)
 Metaspace       used 92732K, committed 93376K, reserved 1179648K
  class space    used 12290K, committed 12608K, reserved 1048576K
}
Event: 14281.393 GC heap before
{Heap before GC invocations=668 (full 12):
 garbage-first heap   total 524288K, used 172120K [0x0000000701800000, 0x0000000800000000)
  region size 2048K, 40 young (81920K), 2 survivors (4096K)
 Metaspace       used 92852K, committed 93440K, reserved 1179648K
  class space    used 12290K, committed 12608K, reserved 1048576K
}
Event: 14281.395 GC heap after
{Heap after GC invocations=669 (full 12):
 garbage-first heap   total 524288K, used 94441K [0x0000000701800000, 0x0000000800000000)
  region size 2048K, 2 young (4096K), 2 survivors (4096K)
 Metaspace       used 92852K, committed 93440K, reserved 1179648K
  class space    used 12290K, committed 12608K, reserved 1048576K
}
Event: 14284.282 GC heap before
{Heap before GC invocations=669 (full 12):
 garbage-first heap   total 524288K, used 172265K [0x0000000701800000, 0x0000000800000000)
  region size 2048K, 40 young (81920K), 2 survivors (4096K)
 Metaspace       used 92853K, committed 93440K, reserved 1179648K
  class space    used 12290K, committed 12608K, reserved 1048576K
}
Event: 14284.284 GC heap after
{Heap after GC invocations=670 (full 12):
 garbage-first heap   total 524288K, used 95053K [0x0000000701800000, 0x0000000800000000)
  region size 2048K, 2 young (4096K), 2 survivors (4096K)
 Metaspace       used 92853K, committed 93440K, reserved 1179648K
  class space    used 12290K, committed 12608K, reserved 1048576K
}
Event: 14298.375 GC heap before
{Heap before GC invocations=670 (full 12):
 garbage-first heap   total 524288K, used 172877K [0x0000000701800000, 0x0000000800000000)
  region size 2048K, 40 young (81920K), 2 survivors (4096K)
 Metaspace       used 92857K, committed 93440K, reserved 1179648K
  class space    used 12290K, committed 12608K, reserved 1048576K
}
Event: 14298.376 GC heap after
{Heap after GC invocations=671 (full 12):
 garbage-first heap   total 524288K, used 94766K [0x0000000701800000, 0x0000000800000000)
  region size 2048K, 2 young (4096K), 2 survivors (4096K)
 Metaspace       used 92857K, committed 93440K, reserved 1179648K
  class space    used 12290K, committed 12608K, reserved 1048576K
}

